
/home/runner/work/exp-schering-bridge-iitr/exp-schering-bridge-iitr/experiment/simulation/Schering Bridge/jsplumb.min.js
  1:1673   warning  'k' is already defined                                                     no-redeclare
  1:2271   warning  'q' is already defined                                                     no-redeclare
  1:2986   warning  'g' is already defined                                                     no-redeclare
  1:3415   warning  'b' is defined but never used                                              no-unused-vars
  1:3695   warning  'k' is already defined                                                     no-redeclare
  1:6001   warning  'exports' is not defined                                                   no-undef
  1:6163   warning  'exports' is not defined                                                   no-undef
  1:8096   warning  'c' is defined but never used                                              no-unused-vars
  1:8098   warning  'd' is defined but never used                                              no-unused-vars
  1:8100   warning  'e' is defined but never used                                              no-unused-vars
  1:8102   warning  'f' is defined but never used                                              no-unused-vars
  1:8104   warning  'g' is defined but never used                                              no-unused-vars
  1:8106   warning  'h' is defined but never used                                              no-unused-vars
  1:8108   warning  'i' is defined but never used                                              no-unused-vars
  1:8110   warning  'j' is defined but never used                                              no-unused-vars
  1:10619  warning  Do not access Object.prototype method 'hasOwnProperty' from target object  no-prototype-builtins
  1:11134  warning  Do not access Object.prototype method 'hasOwnProperty' from target object  no-prototype-builtins
  1:13395  warning  Invalid typeof comparison value                                            valid-typeof
  1:14152  warning  Do not access Object.prototype method 'hasOwnProperty' from target object  no-prototype-builtins
  1:14203  warning  Do not access Object.prototype method 'hasOwnProperty' from target object  no-prototype-builtins
  1:14309  warning  'a' is defined but never used                                              no-unused-vars
  1:14311  warning  'b' is defined but never used                                              no-unused-vars
  1:14313  warning  'c' is defined but never used                                              no-unused-vars
  1:14315  warning  'd' is defined but never used                                              no-unused-vars
  1:15691  warning  'exports' is not defined                                                   no-undef
  1:19508  warning  'd' is defined but never used                                              no-unused-vars
  1:25030  warning  Empty block statement                                                      no-empty
  1:27559  warning  'd' is defined but never used                                              no-unused-vars
  1:28118  warning  'a' is defined but never used                                              no-unused-vars
  1:30022  warning  'p' is already defined                                                     no-redeclare
  2:1993   warning  'b' is defined but never used                                              no-unused-vars
  2:2115   warning  'b' is defined but never used                                              no-unused-vars
  2:3168   warning  'exports' is not defined                                                   no-undef
  2:3836   warning  Do not access Object.prototype method 'hasOwnProperty' from target object  no-prototype-builtins
  2:4628   warning  Unnecessary escape character: \.                                           no-useless-escape
  2:4672   warning  Unnecessary escape character: \[                                           no-useless-escape
  2:5941   warning  'd' is defined but never used                                              no-unused-vars
  2:6071   warning  Do not access Object.prototype method 'hasOwnProperty' from target object  no-prototype-builtins
  2:6103   warning  Do not access Object.prototype method 'hasOwnProperty' from target object  no-prototype-builtins
  2:6258   warning  Do not access Object.prototype method 'hasOwnProperty' from target object  no-prototype-builtins
  2:6290   warning  Do not access Object.prototype method 'hasOwnProperty' from target object  no-prototype-builtins
  2:8016   warning  Empty block statement                                                      no-empty
  2:8584   warning  'exports' is not defined                                                   no-undef
  2:11394  warning  'c' is defined but never used                                              no-unused-vars
  2:11396  warning  'd' is defined but never used                                              no-unused-vars
  2:13064  warning  'c' is defined but never used                                              no-unused-vars
  2:21199  warning  'jsPlumbUtil' is not defined                                               no-undef
  2:21297  warning  'jsPlumbUtil' is not defined                                               no-undef
  2:24160  warning  'jsPlumbUtil' is not defined                                               no-undef
  2:26279  warning  Expected a conditional expression and instead saw an assignment            no-cond-assign
  2:31066  warning  'c' is defined but never used                                              no-unused-vars
  3:16506  warning  'b' is defined but never used                                              no-unused-vars
  3:19203  warning  'jsPlumbUtil' is not defined                                               no-undef
  3:25783  warning  'exports' is not defined                                                   no-undef
  3:27722  warning  'b' is defined but never used                                              no-unused-vars
  4:3051   warning  'b' is defined but never used                                              no-unused-vars
  4:3152   warning  'b' is defined but never used                                              no-unused-vars
  4:4652   warning  'b' is defined but never used                                              no-unused-vars
  4:4654   warning  'c' is defined but never used                                              no-unused-vars
  4:6943   warning  Do not access Object.prototype method 'hasOwnProperty' from target object  no-prototype-builtins
  4:7578   warning  'c' is defined but never used                                              no-unused-vars
  4:20397  warning  Expected a conditional expression and instead saw an assignment            no-cond-assign
  4:24049  warning  'jsPlumbUtil' is not defined                                               no-undef
  4:30971  warning  Do not access Object.prototype method 'hasOwnProperty' from target object  no-prototype-builtins
  4:31917  warning  Do not access Object.prototype method 'hasOwnProperty' from target object  no-prototype-builtins
  5:61     warning  'jsPlumb' is not defined                                                   no-undef
  5:2562   warning  'jsPlumbUtil' is not defined                                               no-undef
  5:7431   warning  'jsPlumbUtil' is not defined                                               no-undef
  5:11846  warning  'jsPlumbUtil' is not defined                                               no-undef
  5:12051  warning  'Biltong' is not defined                                                   no-undef
  5:13219  warning  'jsPlumbUtil' is not defined                                               no-undef
  5:15371  warning  'g' is defined but never used                                              no-unused-vars
  5:15463  warning  'jsPlumbUtil' is not defined                                               no-undef
  5:16519  warning  'jsPlumbUtil' is not defined                                               no-undef
  5:20974  warning  'a' is defined but never used                                              no-unused-vars
  5:20976  warning  'b' is defined but never used                                              no-unused-vars
  5:21181  warning  'a' is defined but never used                                              no-unused-vars
  5:21183  warning  'b' is defined but never used                                              no-unused-vars
  5:21185  warning  'c' is defined but never used                                              no-unused-vars
  5:21187  warning  'd' is defined but never used                                              no-unused-vars
  5:22312  warning  'a' is defined but never used                                              no-unused-vars
  6:329    warning  'a' is defined but never used                                              no-unused-vars
  6:331    warning  'b' is defined but never used                                              no-unused-vars
  6:333    warning  'c' is defined but never used                                              no-unused-vars
  6:335    warning  'd' is defined but never used                                              no-unused-vars
  6:857    warning  'd' is defined but never used                                              no-unused-vars
  6:1305   warning  'd' is defined but never used                                              no-unused-vars
  6:1474   warning  'a' is defined but never used                                              no-unused-vars
  6:2636   warning  'b' is defined but never used                                              no-unused-vars
  6:2638   warning  'c' is defined but never used                                              no-unused-vars
  6:2640   warning  'd' is defined but never used                                              no-unused-vars
  6:3194   warning  'a' is defined but never used                                              no-unused-vars
  6:3196   warning  'b' is defined but never used                                              no-unused-vars
  6:3198   warning  'd' is defined but never used                                              no-unused-vars
  6:4057   warning  'b' is defined but never used                                              no-unused-vars
  6:4059   warning  'c' is defined but never used                                              no-unused-vars
  6:4061   warning  'd' is defined but never used                                              no-unused-vars
  6:4355   warning  'a' is defined but never used                                              no-unused-vars
  6:4357   warning  'b' is defined but never used                                              no-unused-vars
  6:4820   warning  'e' is defined but never used                                              no-unused-vars
  6:5278   warning  'a' is defined but never used                                              no-unused-vars
  6:5280   warning  'b' is defined but never used                                              no-unused-vars
  6:6018   warning  'd' is defined but never used                                              no-unused-vars
  6:8683   warning  'jsPlumb' is not defined                                                   no-undef
  6:10255  warning  'b' is defined but never used                                              no-unused-vars
  6:10434  warning  'b' is defined but never used                                              no-unused-vars
  6:10783  warning  'a' is defined but never used                                              no-unused-vars
  6:11043  warning  'c' is defined but never used                                              no-unused-vars
  6:15295  warning  Expected a conditional expression and instead saw an assignment            no-cond-assign
  6:16167  warning  Expected a conditional expression and instead saw an assignment            no-cond-assign
  6:19666  warning  'a' is defined but never used                                              no-unused-vars
  6:19668  warning  'b' is defined but never used                                              no-unused-vars
  6:19728  warning  'a' is defined but never used                                              no-unused-vars
  6:19730  warning  'b' is defined but never used                                              no-unused-vars
  6:19899  warning  'jsPlumb' is not defined                                                   no-undef
  6:20322  warning  'a' is defined but never used                                              no-unused-vars
  6:20324  warning  'b' is defined but never used                                              no-unused-vars
  6:20826  warning  'jsPlumbUtil' is not defined                                               no-undef
  6:23088  warning  Expected a conditional expression and instead saw an assignment            no-cond-assign
  6:23196  warning  'e' is assigned a value but never used                                     no-unused-vars
  6:23442  warning  'f' is assigned a value but never used                                     no-unused-vars
  6:28054  warning  'h' is assigned a value but never used                                     no-unused-vars
  6:31331  warning  'a' is defined but never used                                              no-unused-vars
  6:31430  warning  'b' is defined but never used                                              no-unused-vars
  7:4994   warning  'a' is defined but never used                                              no-unused-vars
  7:5310   warning  'a' is defined but never used                                              no-unused-vars
  7:11541  warning  'jsPlumb' is not defined                                                   no-undef
  7:11829  warning  'jsPlumb' is not defined                                                   no-undef
  7:11896  warning  Do not access Object.prototype method 'hasOwnProperty' from target object  no-prototype-builtins
  7:11921  warning  'jsPlumb' is not defined                                                   no-undef
  7:12521  warning  Do not access Object.prototype method 'hasOwnProperty' from target object  no-prototype-builtins
  7:13366  warning  'jsPlumb' is not defined                                                   no-undef
  7:13417  warning  'jsPlumb' is not defined                                                   no-undef
  7:14893  warning  Do not access Object.prototype method 'hasOwnProperty' from target object  no-prototype-builtins
  7:15066  warning  'jsPlumb' is not defined                                                   no-undef
  7:15135  warning  'jsPlumb' is not defined                                                   no-undef
  7:15241  warning  'jsPlumb' is not defined                                                   no-undef
  7:15309  warning  'jsPlumb' is not defined                                                   no-undef
  7:15331  warning  'jsPlumb' is not defined                                                   no-undef
  7:15356  warning  'jsPlumb' is not defined                                                   no-undef
  7:15409  warning  'jsPlumb' is not defined                                                   no-undef
  7:15480  warning  'jsPlumb' is not defined                                                   no-undef
  7:15922  warning  'c' is assigned a value but never used                                     no-unused-vars
  7:16044  warning  'jsPlumb' is not defined                                                   no-undef
  7:17093  warning  'jsPlumb' is not defined                                                   no-undef
  7:18570  warning  'jsPlumb' is not defined                                                   no-undef
  7:18780  warning  'jsPlumb' is not defined                                                   no-undef
  7:19030  warning  'jsPlumb' is not defined                                                   no-undef
  7:19073  warning  'jsPlumb' is not defined                                                   no-undef
  7:19146  warning  'jsPlumb' is not defined                                                   no-undef
  7:19167  warning  'jsPlumb' is not defined                                                   no-undef
  7:19246  warning  'jsPlumb' is not defined                                                   no-undef
  7:19272  warning  'jsPlumb' is not defined                                                   no-undef
  7:19298  warning  'jsPlumb' is not defined                                                   no-undef
  7:20772  warning  'a' is defined but never used                                              no-unused-vars
  7:20774  warning  'b' is defined but never used                                              no-unused-vars
  7:20812  warning  'a' is defined but never used                                              no-unused-vars
  7:20814  warning  'b' is defined but never used                                              no-unused-vars
  7:21146  warning  'b' is defined but never used                                              no-unused-vars
  7:21787  warning  'c' is defined but never used                                              no-unused-vars
  7:21952  warning  'c' is defined but never used                                              no-unused-vars
  7:22122  warning  'c' is defined but never used                                              no-unused-vars
  7:23241  warning  'a' is defined but never used                                              no-unused-vars
  7:23243  warning  'b' is defined but never used                                              no-unused-vars
  7:23245  warning  'c' is defined but never used                                              no-unused-vars
  7:23322  warning  'a' is defined but never used                                              no-unused-vars
  7:23324  warning  'b' is defined but never used                                              no-unused-vars
  7:23326  warning  'c' is defined but never used                                              no-unused-vars

/home/runner/work/exp-schering-bridge-iitr/exp-schering-bridge-iitr/experiment/simulation/js/demo1.js
     2:5   warning  'datapoints1' is assigned a value but never used  no-unused-vars
     3:1   warning  'jsPlumb' is not defined                          no-undef
     8:9   warning  'addDisc' is assigned a value but never used      no-unused-vars
    10:17  warning  'e' is assigned a value but never used            no-unused-vars
    10:21  warning  'prepare' is not defined                          no-undef
    17:9   warning  'reset' is assigned a value but never used        no-unused-vars
    30:48  warning  'e' is defined but never used                     no-unused-vars
    30:51  warning  'ui' is defined but never used                    no-unused-vars
    32:21  warning  'jsPlumb' is not defined                          no-undef
   329:16  warning  'jsPlumb' is not defined                          no-undef
   339:13  warning  'e1' is assigned a value but never used           no-unused-vars
   340:13  warning  'e2' is assigned a value but never used           no-unused-vars
   341:13  warning  'e3' is assigned a value but never used           no-unused-vars
   342:13  warning  'e4' is assigned a value but never used           no-unused-vars
   347:13  warning  'e9' is assigned a value but never used           no-unused-vars
   348:13  warning  'e10' is assigned a value but never used          no-unused-vars
   349:13  warning  'e11' is assigned a value but never used          no-unused-vars
   350:13  warning  'e12' is assigned a value but never used          no-unused-vars
   351:13  warning  'e13' is assigned a value but never used          no-unused-vars
   352:13  warning  'e14' is assigned a value but never used          no-unused-vars
   356:13  warning  'e21' is assigned a value but never used          no-unused-vars
   357:13  warning  'e22' is assigned a value but never used          no-unused-vars
   358:13  warning  'clearBtn' is assigned a value but never used     no-unused-vars
   358:24  warning  'jsPlumb' is not defined                          no-undef
   359:13  warning  'addBtn' is assigned a value but never used       no-unused-vars
   359:22  warning  'jsPlumb' is not defined                          no-undef
   361:27  warning  'jsPlumb' is not defined                          no-undef
   364:13  warning  'jsPlumbUtil' is not defined                      no-undef
   369:13  warning  'showConnectionInfo' is not defined               no-undef
   370:13  warning  'jsPlumbUtil' is not defined                      no-undef
   377:5   warning  'jsPlumb' is not defined                          no-undef
   797:5   warning  'were' is assigned a value but never used         no-unused-vars
   798:10  warning  'mcbonoff' is defined but never used              no-unused-vars
   815:13  warning  '$' is not defined                                no-undef
   817:17  warning  '$' is not defined                                no-undef
   840:5   warning  'op3' is assigned a value but never used          no-unused-vars
   845:5   warning  'readings' is assigned a value but never used     no-unused-vars
   848:10  warning  'addtotable' is defined but never used            no-unused-vars
   886:17  warning  'btn' is not defined                              no-undef
   888:25  warning  'drop' is not defined                             no-undef
   889:25  warning  'drop' is not defined                             no-undef
   893:25  warning  'drop' is not defined                             no-undef
   901:14  warning  Unnecessary semicolon                             no-extra-semi
   924:13  warning  '$' is not defined                                no-undef
   926:17  warning  '$' is not defined                                no-undef
   944:13  warning  '$' is not defined                                no-undef
   946:17  warning  '$' is not defined                                no-undef
   965:13  warning  '$' is not defined                                no-undef
   967:17  warning  '$' is not defined                                no-undef
   986:13  warning  '$' is not defined                                no-undef
   988:17  warning  '$' is not defined                                no-undef
  1006:13  warning  '$' is not defined                                no-undef
  1008:17  warning  '$' is not defined                                no-undef
  1027:5   warning  'strUser' is already defined                      no-redeclare
  1027:5   warning  'strUser' is assigned a value but never used      no-unused-vars
  1028:5   warning  'value' is already defined                        no-redeclare
  1028:5   warning  'value' is assigned a value but never used        no-unused-vars
  1037:13  warning  '$' is not defined                                no-undef
  1039:17  warning  '$' is not defined                                no-undef
  1056:9   warning  '$' is not defined                                no-undef
  1058:13  warning  '$' is not defined                                no-undef
  1075:9   warning  '$' is not defined                                no-undef
  1077:13  warning  '$' is not defined                                no-undef
  1094:9   warning  '$' is not defined                                no-undef
  1096:13  warning  '$' is not defined                                no-undef
  1113:9   warning  '$' is not defined                                no-undef
  1115:13  warning  '$' is not defined                                no-undef
  1429:10  warning  'knob' is defined but never used                  no-unused-vars
  1485:10  warning  'range931' is defined but never used              no-unused-vars
  1489:10  warning  'range932' is defined but never used              no-unused-vars
  1494:10  warning  'range933' is defined but never used              no-unused-vars
  1498:10  warning  'range934' is defined but never used              no-unused-vars
  1502:10  warning  'range941' is defined but never used              no-unused-vars
  1506:10  warning  'range942' is defined but never used              no-unused-vars
  1510:10  warning  'range943' is defined but never used              no-unused-vars
  1514:10  warning  'range944' is defined but never used              no-unused-vars
  1518:10  warning  'range951' is defined but never used              no-unused-vars
  1522:10  warning  'range952' is defined but never used              no-unused-vars
  1526:10  warning  'range953' is defined but never used              no-unused-vars
  1530:10  warning  'range954' is defined but never used              no-unused-vars

/home/runner/work/exp-schering-bridge-iitr/exp-schering-bridge-iitr/experiment/simulation/js/jquery-ui.min.js
   5:4148   warning  'jQuery' is not defined                                                    no-undef
   5:4315   warning  Empty block statement                                                      no-empty
   5:5549   warning  Do not access Object.prototype method 'hasOwnProperty' from target object  no-prototype-builtins
   5:10500  warning  'jQuery' is not defined                                                    no-undef
   5:13205  warning  'jQuery' is not defined                                                    no-undef
   5:31628  warning  'jQuery' is not defined                                                    no-undef
   6:5339   warning  'jQuery' is not defined                                                    no-undef
   6:22476  warning  'jQuery' is not defined                                                    no-undef
   6:26405  warning  'jQuery' is not defined                                                    no-undef
   7:1892   warning  Unnecessary escape character: \-                                           no-useless-escape
   7:18058  warning  'jQuery' is not defined                                                    no-undef
   7:18832  warning  Unnecessary escape character: \-                                           no-useless-escape
   7:19025  warning  Unnecessary escape character: \%                                           no-useless-escape
   7:19049  warning  Unnecessary escape character: \%                                           no-useless-escape
   7:19073  warning  Unnecessary escape character: \%                                           no-useless-escape
   7:19488  warning  Unnecessary escape character: \%                                           no-useless-escape
   7:19512  warning  Unnecessary escape character: \%                                           no-useless-escape
   7:23868  warning  Empty block statement                                                      no-empty
   7:23959  warning  Empty block statement                                                      no-empty
   7:24586  warning  'jQuery' is not defined                                                    no-undef
   7:25339  warning  'jQuery' is not defined                                                    no-undef
   7:30894  warning  'jQuery' is not defined                                                    no-undef
   8:7017   warning  'jQuery' is not defined                                                    no-undef
   8:14001  warning  Unnecessary escape character: \-                                           no-useless-escape
   8:14003  warning  Unnecessary escape character: \[                                           no-useless-escape
   8:14018  warning  Unnecessary escape character: \^                                           no-useless-escape
   8:14609  warning  'jQuery' is not defined                                                    no-undef
   8:21616  warning  'jQuery' is not defined                                                    no-undef
   8:25019  warning  Unnecessary escape character: \-                                           no-useless-escape
   9:1967   warning  Empty block statement                                                      no-empty
   9:13255  warning  Empty block statement                                                      no-empty
   9:13390  warning  Unnecessary escape character: \-                                           no-useless-escape
   9:21567  warning  Unnecessary escape character: \-                                           no-useless-escape
   9:21616  warning  Unnecessary escape character: \-                                           no-useless-escape
   9:23597  warning  Unnecessary escape character: \-                                           no-useless-escape
   9:23627  warning  Unnecessary escape character: \-                                           no-useless-escape
   9:25283  warning  'jQuery' is not defined                                                    no-undef
  10:4201   warning  'jQuery' is not defined                                                    no-undef
  10:5020   warning  'jQuery' is not defined                                                    no-undef
  10:5941   warning  'jQuery' is not defined                                                    no-undef
  10:6537   warning  'jQuery' is not defined                                                    no-undef
  10:7212   warning  'jQuery' is not defined                                                    no-undef
  10:8060   warning  'jQuery' is not defined                                                    no-undef
  10:8253   warning  'jQuery' is not defined                                                    no-undef
  10:8961   warning  'jQuery' is not defined                                                    no-undef
  10:9418   warning  'jQuery' is not defined                                                    no-undef
  10:9890   warning  'jQuery' is not defined                                                    no-undef
  10:14109  warning  'jQuery' is not defined                                                    no-undef
  10:14886  warning  'jQuery' is not defined                                                    no-undef
  10:15524  warning  'jQuery' is not defined                                                    no-undef
  10:16051  warning  'jQuery' is not defined                                                    no-undef
  10:18687  warning  Unnecessary escape character: \-                                           no-useless-escape
  10:18689  warning  Unnecessary escape character: \[                                           no-useless-escape
  10:18704  warning  Unnecessary escape character: \^                                           no-useless-escape
  10:25323  warning  'jQuery' is not defined                                                    no-undef
  10:25940  warning  Unnecessary escape character: \+                                           no-useless-escape
  10:25942  warning  Unnecessary escape character: \-                                           no-useless-escape
  10:31460  warning  'jQuery' is not defined                                                    no-undef
  11:1341   warning  'jQuery' is not defined                                                    no-undef
  11:11407  warning  'jQuery' is not defined                                                    no-undef
  11:16807  warning  'Globalize' is not defined                                                 no-undef
  11:16964  warning  'Globalize' is not defined                                                 no-undef
  11:18141  warning  'jQuery' is not defined                                                    no-undef
  11:21806  warning  Unnecessary escape character: \/                                           no-useless-escape
  11:21815  warning  Unnecessary escape character: \[                                           no-useless-escape
  11:21819  warning  Unnecessary escape character: \^                                           no-useless-escape
  11:24257  warning  Expected a conditional expression and instead saw an assignment            no-cond-assign
  11:29596  warning  'jQuery' is not defined                                                    no-undef
  12:2218   warning  'jQuery' is not defined                                                    no-undef

/home/runner/work/exp-schering-bridge-iitr/exp-schering-bridge-iitr/experiment/simulation/js/jquery.min.js
  4:13     warning  Shadowing of global property 'undefined'                                   no-shadow-restricted-names
  4:6580   warning  Shadowing of global property 'undefined'                                   no-shadow-restricted-names
  4:8483   warning  Expected a conditional expression and instead saw an assignment            no-cond-assign
  4:8694   warning  Expected a conditional expression and instead saw an assignment            no-cond-assign
  4:8709   warning  Expected a conditional expression and instead saw an assignment            no-cond-assign
  4:9186   warning  Expected a conditional expression and instead saw an assignment            no-cond-assign
  4:9413   warning  Empty block statement                                                      no-empty
  4:10317  warning  Expected a conditional expression and instead saw an assignment            no-cond-assign
  4:12461  warning  Expected a conditional expression and instead saw an assignment            no-cond-assign
  4:13746  warning  Expected a conditional expression and instead saw an assignment            no-cond-assign
  4:14394  warning  Expected a conditional expression and instead saw an assignment            no-cond-assign
  4:14432  warning  Expected a conditional expression and instead saw an assignment            no-cond-assign
  4:14836  warning  Empty block statement                                                      no-empty
  4:15401  warning  Expected a conditional expression and instead saw an assignment            no-cond-assign
  4:15705  warning  Expected a conditional expression and instead saw an assignment            no-cond-assign
  4:17505  warning  Expected a conditional expression and instead saw an assignment            no-cond-assign
  4:17743  warning  Expected a conditional expression and instead saw an assignment            no-cond-assign
  4:17891  warning  Expected a conditional expression and instead saw an assignment            no-cond-assign
  4:18229  warning  Do not access Object.prototype method 'hasOwnProperty' from target object  no-prototype-builtins
  4:18910  warning  Expected a conditional expression and instead saw an assignment            no-cond-assign
  4:21229  warning  Expected a conditional expression and instead saw an assignment            no-cond-assign
  4:21322  warning  Expected a conditional expression and instead saw an assignment            no-cond-assign
  4:21382  warning  Expected a conditional expression and instead saw an assignment            no-cond-assign
  4:22604  warning  Expected a conditional expression and instead saw an assignment            no-cond-assign
  4:23196  warning  Expected a conditional expression and instead saw an assignment            no-cond-assign
  4:23310  warning  Expected a conditional expression and instead saw an assignment            no-cond-assign
  4:31646  warning  Empty block statement                                                      no-empty
  5:1652   warning  Expected a conditional expression and instead saw an assignment            no-cond-assign
  5:2070   warning  Expected a conditional expression and instead saw an assignment            no-cond-assign
  5:2426   warning  Expected a conditional expression and instead saw an assignment            no-cond-assign
  5:4531   warning  Expected a conditional expression and instead saw an assignment            no-cond-assign
  5:6323   warning  Empty block statement                                                      no-empty
  5:14798  warning  Unnecessary escape character: \[                                           no-useless-escape
  5:14800  warning  Unnecessary escape character: \.                                           no-useless-escape
  5:20175  warning  Empty block statement                                                      no-empty
  5:22453  warning  Expected a conditional expression and instead saw an assignment            no-cond-assign
  5:22580  warning  Expected a conditional expression and instead saw an assignment            no-cond-assign
  5:32186  warning  Unnecessary escape character: \/                                           no-useless-escape
  6:238    warning  Expected a conditional expression and instead saw an assignment            no-cond-assign
  6:2333   warning  Expected a conditional expression and instead saw an assignment            no-cond-assign
  6:4224   warning  Expected a conditional expression and instead saw an assignment            no-cond-assign
  6:7969   warning  Empty block statement                                                      no-empty
  6:9629   warning  Expected a conditional expression and instead saw an assignment            no-cond-assign
  6:10477  warning  Expected a conditional expression and instead saw an assignment            no-cond-assign
  6:18812  warning  'module' is not defined                                                    no-undef
  6:18837  warning  'module' is not defined                                                    no-undef
  6:18852  warning  'module' is not defined                                                    no-undef
  6:18896  warning  'define' is not defined                                                    no-undef
  6:18908  warning  'define' is not defined                                                    no-undef

/home/runner/work/exp-schering-bridge-iitr/exp-schering-bridge-iitr/experiment/simulation/js/jsplumb1.js
     68:9   warning  'root' is assigned a value but never used                                  no-unused-vars
    130:18  warning  'i' is already defined                                                     no-redeclare
    184:18  warning  'i' is already defined                                                     no-redeclare
    242:22  warning  'j' is already defined                                                     no-redeclare
    264:56  warning  't' is defined but never used                                              no-unused-vars
    279:26  warning  'j' is already defined                                                     no-redeclare
    582:9   warning  'exports' is not defined                                                   no-undef
    616:1   warning  Unnecessary semicolon                                                      no-extra-semi
    626:9   warning  'exports' is not defined                                                   no-undef
    661:9   warning  '_normal' is assigned a value but never used                               no-unused-vars
    672:9   warning  '_lineLength' is assigned a value but never used                           no-unused-vars
    706:9   warning  '_theta' is assigned a value but never used                                no-unused-vars
    725:9   warning  '_intersects' is assigned a value but never used                           no-unused-vars
    747:9   warning  '_encloses' is assigned a value but never used                             no-unused-vars
    764:9   warning  '_pointOnLine' is assigned a value but never used                          no-unused-vars
    781:9   warning  '_perpendicularLineTo' is assigned a value but never used                  no-unused-vars
    789:1   warning  Unnecessary semicolon                                                      no-extra-semi
    846:28  warning  'view' is defined but never used                                           no-unused-vars
    846:34  warning  'target' is defined but never used                                         no-unused-vars
    846:42  warning  'pageX' is defined but never used                                          no-unused-vars
    846:49  warning  'pageY' is defined but never used                                          no-unused-vars
    846:56  warning  'screenX' is defined but never used                                        no-unused-vars
    846:65  warning  'screenY' is defined but never used                                        no-unused-vars
    846:74  warning  'clientX' is defined but never used                                        no-unused-vars
    846:83  warning  'clientY' is defined but never used                                        no-unused-vars
   1040:58  warning  Do not access Object.prototype method 'hasOwnProperty' from target object  no-prototype-builtins
   1082:39  warning  Do not access Object.prototype method 'hasOwnProperty' from target object  no-prototype-builtins
   1132:9   warning  'touchstart' is assigned a value but never used                            no-unused-vars
   1132:36  warning  'touchend' is assigned a value but never used                              no-unused-vars
   1132:59  warning  'touchmove' is assigned a value but never used                             no-unused-vars
   1137:54  warning  Unnecessary escape character: \.                                           no-useless-escape
   1223:73  warning  Invalid typeof comparison value                                            valid-typeof
   1286:38  warning  Do not access Object.prototype method 'hasOwnProperty' from target object  no-prototype-builtins
   1288:51  warning  Do not access Object.prototype method 'hasOwnProperty' from target object  no-prototype-builtins
   1310:29  warning  'el' is defined but never used                                             no-unused-vars
   1310:33  warning  'event' is defined but never used                                          no-unused-vars
   1310:40  warning  'children' is defined but never used                                       no-unused-vars
   1310:50  warning  'fn' is defined but never used                                             no-unused-vars
   1457:9   warning  'exports' is not defined                                                   no-undef
   1490:1   warning  Unnecessary semicolon                                                      no-extra-semi
   1595:54  warning  Unnecessary escape character: \.                                           no-useless-escape
   1719:42  warning  'scope' is defined but never used                                          no-unused-vars
   1727:13  warning  'scroll' is assigned a value but never used                                no-unused-vars
   1875:13  warning  '_addFilter' is assigned a value but never used                            no-unused-vars
   1876:13  warning  '_removeFilter' is assigned a value but never used                         no-unused-vars
   2091:31  warning  Empty block statement                                                      no-empty
   2280:42  warning  'scope' is defined but never used                                          no-unused-vars
   2300:56  warning  'drag' is defined but never used                                           no-unused-vars
   2388:13  warning  '_getMatchingDroppables' is assigned a value but never used                no-unused-vars
   2432:18  warning  'i' is already defined                                                     no-redeclare
   2754:40  warning  'spec' is defined but never used                                           no-unused-vars
   2777:38  warning  'spec' is defined but never used                                           no-unused-vars
   2862:9   warning  'exports' is not defined                                                   no-undef
   2874:42  warning  'exports' is not defined                                                   no-undef
   2915:19  warning  Do not access Object.prototype method 'hasOwnProperty' from target object  no-prototype-builtins
   3011:26  warning  Unnecessary escape character: \.                                           no-useless-escape
   3012:40  warning  Unnecessary escape character: \[                                           no-useless-escape
   3180:36  warning  '_protoFn' is defined but never used                                       no-unused-vars
   3188:45  warning  Do not access Object.prototype method 'hasOwnProperty' from target object  no-prototype-builtins
   3188:83  warning  Do not access Object.prototype method 'hasOwnProperty' from target object  no-prototype-builtins
   3201:41  warning  Do not access Object.prototype method 'hasOwnProperty' from target object  no-prototype-builtins
   3201:79  warning  Do not access Object.prototype method 'hasOwnProperty' from target object  no-prototype-builtins
   3242:42  warning  Empty block statement                                                      no-empty
   3320:23  warning  Empty block statement                                                      no-empty
   3488:2   warning  Unnecessary semicolon                                                      no-extra-semi
   3553:1   warning  Unnecessary semicolon                                                      no-extra-semi
   3585:9   warning  'eventFilters' is assigned a value but never used                          no-unused-vars
   3604:9   warning  '_each' is assigned a value but never used                                 no-unused-vars
   4583:13  warning  '_setDraggable' is assigned a value but never used                         no-unused-vars
   4807:56  warning  'args' is defined but never used                                           no-unused-vars
   4855:60  warning  'cEl' is assigned a value but never used                                   no-unused-vars
   5481:13  warning  '_unmanage' is assigned a value but never used                             no-unused-vars
   5576:68  warning  'jsPlumbInstance' is assigned a value but never used                       no-unused-vars
   6146:39  warning  'scope' is defined but never used                                          no-unused-vars
   6751:9   warning  'exports' is not defined                                                   no-undef
   6766:1   warning  Unnecessary semicolon                                                      no-extra-semi
   6882:36  warning  'ignoreAttachedElements' is defined but never used                         no-unused-vars
   7059:1   warning  Unnecessary semicolon                                                      no-extra-semi
   7304:41  warning  'doNotRepaint' is defined but never used                                   no-unused-vars
   7309:50  warning  'doNotRepaint' is defined but never used                                   no-unused-vars
   7374:53  warning  'fireEvent' is defined but never used                                      no-unused-vars
   7374:64  warning  'originalEvent' is defined but never used                                  no-unused-vars
   7488:52  warning  Do not access Object.prototype method 'hasOwnProperty' from target object  no-prototype-builtins
   7534:39  warning  'startParams' is defined but never used                                    no-unused-vars
   8111:17  warning  'elId' is assigned a value but never used                                  no-unused-vars
   8348:1   warning  Unnecessary semicolon                                                      no-extra-semi
   8865:52  warning  Do not access Object.prototype method 'hasOwnProperty' from target object  no-prototype-builtins
   8889:52  warning  Do not access Object.prototype method 'hasOwnProperty' from target object  no-prototype-builtins
   8901:21  warning  'jsPlumb' is not defined                                                   no-undef
   8984:1   warning  Unnecessary semicolon                                                      no-extra-semi
   9709:27  warning  'Biltong' is not defined                                                   no-undef
  10061:23  warning  'jsPlumbUtil' is not defined                                               no-undef
  10293:1   warning  Unnecessary semicolon                                                      no-extra-semi
  10323:53  warning  'x' is defined but never used                                              no-unused-vars
  10323:56  warning  'y' is defined but never used                                              no-unused-vars
  10350:46  warning  'x1' is defined but never used                                             no-unused-vars
  10350:50  warning  'y1' is defined but never used                                             no-unused-vars
  10350:54  warning  'x2' is defined but never used                                             no-unused-vars
  10350:58  warning  'y2' is defined but never used                                             no-unused-vars
  10383:17  warning  '_super' is assigned a value but never used                                no-unused-vars
  10441:46  warning  '_' is defined but never used                                              no-unused-vars
  10643:17  warning  '_super' is assigned a value but never used                                no-unused-vars
  10789:17  warning  '_super' is assigned a value but never used                                no-unused-vars
  11112:13  warning  'dumpSegmentsToConsole' is assigned a value but never used                 no-unused-vars
  11168:48  warning  'anchorPoint' is defined but never used                                    no-unused-vars
  11168:61  warning  'orientation' is defined but never used                                    no-unused-vars
  11168:74  warning  'endpointStyle' is defined but never used                                  no-unused-vars
  11168:89  warning  'connectorPaintStyle' is defined but never used                            no-unused-vars
  11201:13  warning  '_super' is assigned a value but never used                                no-unused-vars
  11207:76  warning  'connectorPaintStyle' is defined but never used                            no-unused-vars
  11228:13  warning  '_super' is assigned a value but never used                                no-unused-vars
  11233:76  warning  'connectorPaintStyle' is defined but never used                            no-unused-vars
  11244:40  warning  'params' is defined but never used                                         no-unused-vars
  11322:48  warning  'orientation' is defined but never used                                    no-unused-vars
  11322:61  warning  'endpointStyle' is defined but never used                                  no-unused-vars
  11322:76  warning  'connectorPaintStyle' is defined but never used                            no-unused-vars
  11348:40  warning  'd' is defined but never used                                              no-unused-vars
  11348:43  warning  'style' is defined but never used                                          no-unused-vars
  11348:50  warning  'anchor' is defined but never used                                         no-unused-vars
  11391:13  warning  '_super' is assigned a value but never used                                no-unused-vars
  11394:48  warning  'orientation' is defined but never used                                    no-unused-vars
  11394:61  warning  'endpointStyle' is defined but never used                                  no-unused-vars
  11394:76  warning  'connectorPaintStyle' is defined but never used                            no-unused-vars
  11410:32  warning  'style' is defined but never used                                          no-unused-vars
  11410:39  warning  'anchor' is defined but never used                                         no-unused-vars
  11443:76  warning  'connectorPaintStyle' is defined but never used                            no-unused-vars
  11472:27  warning  'instance' is defined but never used                                       no-unused-vars
  11472:37  warning  'component' is defined but never used                                      no-unused-vars
  11541:43  warning  'component' is defined but never used                                      no-unused-vars
  11705:17  warning  'jsPlumb' is not defined                                                   no-undef
  11812:37  warning  'component' is defined but never used                                      no-unused-vars
  11822:29  warning  'containerExtents' is defined but never used                               no-unused-vars
  11850:37  warning  'params' is defined but never used                                         no-unused-vars
  11863:42  warning  'currentConnectionPaintStyle' is defined but never used                    no-unused-vars
  11907:13  warning  'labelWidth' is assigned a value but never used                            no-unused-vars
  11907:32  warning  'labelHeight' is assigned a value but never used                           no-unused-vars
  11907:52  warning  'labelText' is assigned a value but never used                             no-unused-vars
  11907:70  warning  'labelPadding' is assigned a value but never used                          no-unused-vars
  11997:1   warning  Unnecessary semicolon                                                      no-extra-semi
  12441:35  warning  'conn' is defined but never used                                           no-unused-vars
  12441:41  warning  'endpointIndex' is defined but never used                                  no-unused-vars
  12445:37  warning  'conn' is defined but never used                                           no-unused-vars
  12445:43  warning  'endpointIndex' is defined but never used                                  no-unused-vars
  12453:56  warning  'jsPlumb' is not defined                                                   no-undef
  12489:38  warning  '_el' is defined but never used                                            no-unused-vars
  12489:43  warning  'targetGroup' is defined but never used                                    no-unused-vars
  12539:25  warning  'jsPlumbUtil' is not defined                                               no-undef
  12883:1   warning  Unnecessary semicolon                                                      no-extra-semi
  12899:41  warning  'lastOrientation' is assigned a value but never used                       no-unused-vars
  12903:13  warning  'loopbackRadius' is assigned a value but never used                        no-unused-vars
  12904:13  warning  'isLoopbackCurrently' is assigned a value but never used                   no-unused-vars
  13248:1   warning  Unnecessary semicolon                                                      no-extra-semi
  13257:13  warning  'curviness' is assigned a value but never used                             no-unused-vars
  13259:13  warning  'proximityLimit' is assigned a value but never used                        no-unused-vars
  13262:13  warning  'isLoopbackCurrently' is assigned a value but never used                   no-unused-vars
  13401:1   warning  Unnecessary semicolon                                                      no-extra-semi
  13496:13  warning  'clockwise' is assigned a value but never used                             no-unused-vars
  13596:1   warning  Unnecessary semicolon                                                      no-extra-semi
  13603:30  warning  'params' is defined but never used                                         no-unused-vars
  13607:46  warning  '_' is defined but never used                                              no-unused-vars
  13628:1   warning  Unnecessary semicolon                                                      no-extra-semi
  14033:35  warning  'style' is defined but never used                                          no-unused-vars
  14056:35  warning  'style' is defined but never used                                          no-unused-vars
  14092:13  warning  'self' is assigned a value but never used                                  no-unused-vars
  14251:1   warning  Unnecessary semicolon                                                      no-extra-semi
  14444:39  warning  'jsPlumb' is not defined                                                   no-undef
  14473:29  warning  'jsPlumb' is not defined                                                   no-undef
  14480:38  warning  Do not access Object.prototype method 'hasOwnProperty' from target object  no-prototype-builtins
  14481:39  warning  'jsPlumb' is not defined                                                   no-undef
  14548:40  warning  Do not access Object.prototype method 'hasOwnProperty' from target object  no-prototype-builtins
  14639:22  warning  'jsPlumb' is not defined                                                   no-undef
  14644:24  warning  'jsPlumb' is not defined                                                   no-undef
  14770:26  warning  Do not access Object.prototype method 'hasOwnProperty' from target object  no-prototype-builtins
  14783:13  warning  'jsPlumb' is not defined                                                   no-undef
  14788:18  warning  'jsPlumb' is not defined                                                   no-undef
  14797:13  warning  'jsPlumb' is not defined                                                   no-undef
  14802:17  warning  'jsPlumb' is not defined                                                   no-undef
  14803:17  warning  'jsPlumb' is not defined                                                   no-undef
  14805:17  warning  'jsPlumb' is not defined                                                   no-undef
  14809:13  warning  'jsPlumb' is not defined                                                   no-undef
  14815:17  warning  'jsPlumb' is not defined                                                   no-undef
  14853:18  warning  'jsPlumb' is not defined                                                   no-undef
  14901:22  warning  'jsPlumb' is not defined                                                   no-undef
  14982:20  warning  'jsPlumb' is not defined                                                   no-undef
  14996:13  warning  'jsPlumb' is not defined                                                   no-undef
  15008:18  warning  'jsPlumb' is not defined                                                   no-undef
  15011:25  warning  'jsPlumb' is not defined                                                   no-undef
  15013:35  warning  'jsPlumb' is not defined                                                   no-undef
  15014:30  warning  'jsPlumb' is not defined                                                   no-undef
  15015:45  warning  'jsPlumb' is not defined                                                   no-undef
  15016:45  warning  'jsPlumb' is not defined                                                   no-undef
  15017:46  warning  'jsPlumb' is not defined                                                   no-undef
  15133:36  warning  'el' is defined but never used                                             no-unused-vars
  15133:40  warning  'options' is defined but never used                                        no-unused-vars
  15136:36  warning  'el' is defined but never used                                             no-unused-vars
  15136:40  warning  'options' is defined but never used                                        no-unused-vars
  15152:45  warning  'zoom' is defined but never used                                           no-unused-vars
  15192:33  warning  'spec' is defined but never used                                           no-unused-vars
  15201:31  warning  'spec' is defined but never used                                           no-unused-vars
  15210:38  warning  'posseId' is defined but never used                                        no-unused-vars
  15263:23  warning  'el' is defined but never used                                             no-unused-vars
  15263:27  warning  'event' is defined but never used                                          no-unused-vars
  15263:34  warning  'callback' is defined but never used                                       no-unused-vars
  15272:24  warning  'el' is defined but never used                                             no-unused-vars
  15272:28  warning  'event' is defined but never used                                          no-unused-vars
  15272:35  warning  'callback' is defined but never used                                       no-unused-vars

/home/runner/work/exp-schering-bridge-iitr/exp-schering-bridge-iitr/experiment/simulation/js/knockout-2.2.1.js
   5:100  warning  Unnecessary semicolon                                                      no-extra-semi
   8:3    warning  Expected a conditional expression and instead saw an assignment            no-cond-assign
   8:163  warning  'g' is already defined                                                     no-redeclare
   9:497  warning  Do not access Object.prototype method 'hasOwnProperty' from target object  no-prototype-builtins
  10:481  warning  Expected a conditional expression and instead saw an assignment            no-cond-assign
  12:245  warning  Expected a conditional expression and instead saw an assignment            no-cond-assign
  12:410  warning  Expected a conditional expression and instead saw an assignment            no-cond-assign
  14:467  warning  'c' is already defined                                                     no-redeclare
  17:108  warning  'c' is already defined                                                     no-redeclare
  19:106  warning  Do not access Object.prototype method 'hasOwnProperty' from target object  no-prototype-builtins
  24:204  warning  Empty block statement                                                      no-empty
  24:284  warning  'a.style.zoom' is assigned to itself                                       no-self-assign
  26:377  warning  'g' is already defined                                                     no-redeclare
  30:299  warning  'e' is already defined                                                     no-redeclare
  30:461  warning  Expected a conditional expression and instead saw an assignment            no-cond-assign
  35:298  warning  Expected a conditional expression and instead saw an assignment            no-cond-assign
  35:319  warning  Unnecessary escape character: \:                                           no-useless-escape
  37:419  warning  Do not access Object.prototype method 'hasOwnProperty' from target object  no-prototype-builtins
  45:470  warning  'w' is already defined                                                     no-redeclare
  48:280  warning  Unnecessary escape character: \@                                           no-useless-escape
  48:296  warning  Unnecessary escape character: \@                                           no-useless-escape
  49:200  warning  'd' is already defined                                                     no-redeclare
  49:238  warning  'f' is already defined                                                     no-redeclare
  49:262  warning  'c' is already defined                                                     no-redeclare
  49:289  warning  'f' is already defined                                                     no-redeclare
  50:344  warning  Expected a conditional expression and instead saw an assignment            no-cond-assign
  52:430  warning  Unnecessary escape character: \:                                           no-useless-escape
  52:473  warning  Unnecessary escape character: \:                                           no-useless-escape
  54:307  warning  Expected a conditional expression and instead saw an assignment            no-cond-assign
  55:15   warning  Expected a conditional expression and instead saw an assignment            no-cond-assign
  55:35   warning  Expected a conditional expression and instead saw an assignment            no-cond-assign
  55:131  warning  Expected a conditional expression and instead saw an assignment            no-cond-assign
  59:77   warning  Expected a conditional expression and instead saw an assignment            no-cond-assign
  66:126  warning  'l' is already defined                                                     no-redeclare
  72:377  warning  Unnecessary escape character: \-                                           no-useless-escape
  72:384  warning  Unnecessary escape character: \"                                           no-useless-escape
  72:388  warning  Unnecessary escape character: \"                                           no-useless-escape
  72:392  warning  Unnecessary escape character: \"                                           no-useless-escape
  72:395  warning  Unnecessary escape character: \'                                           no-useless-escape
  72:399  warning  Unnecessary escape character: \'                                           no-useless-escape
  72:403  warning  Unnecessary escape character: \'                                           no-useless-escape
  73:432  warning  'a' is already defined                                                     no-redeclare
  76:147  warning  'h' is already defined                                                     no-redeclare
  80:287  warning  'n' is already defined                                                     no-redeclare
  80:302  warning  Expected a conditional expression and instead saw an assignment            no-cond-assign
  81:135  warning  'D' is already defined                                                     no-redeclare
  81:139  warning  'k' is already defined                                                     no-redeclare
  81:161  warning  Expected a conditional expression and instead saw an assignment            no-cond-assign
  81:219  warning  Expected a conditional expression and instead saw an assignment            no-cond-assign
  82:402  warning  Empty block statement                                                      no-empty
  84:251  warning  'module' is not defined                                                    no-undef
  84:267  warning  'exports' is not defined                                                   no-undef
  84:304  warning  'define' is not defined                                                    no-undef
  84:315  warning  'define' is not defined                                                    no-undef

/home/runner/work/exp-schering-bridge-iitr/exp-schering-bridge-iitr/experiment/simulation/js/prettify.js
   2:107  warning  Expected a conditional expression and instead saw an assignment            no-cond-assign
   2:496  warning  'd' is already defined                                                     no-redeclare
   3:43   warning  'f' is already defined                                                     no-redeclare
   3:124  warning  'h' is already defined                                                     no-redeclare
   6:17   warning  'm' is already defined                                                     no-redeclare
   6:21   warning  'b' is already defined                                                     no-redeclare
   8:445  warning  Do not access Object.prototype method 'hasOwnProperty' from target object  no-prototype-builtins
  13:294  warning  'e' is already defined                                                     no-redeclare
  13:453  warning  'a' is already defined                                                     no-redeclare
  14:290  warning  'i' is already defined                                                     no-redeclare
  14:313  warning  'o' is already defined                                                     no-redeclare
  15:8    warning  Do not access Object.prototype method 'hasOwnProperty' from target object  no-prototype-builtins
  15:125  warning  Do not access Object.prototype method 'hasOwnProperty' from target object  no-prototype-builtins
  15:334  warning  't' is already defined                                                     no-redeclare
  15:348  warning  'i' is already defined                                                     no-redeclare
  15:373  warning  'g' is already defined                                                     no-redeclare
  15:394  warning  'j' is already defined                                                     no-redeclare
  16:206  warning  'u' is already defined                                                     no-redeclare
  18:436  warning  'B' is already defined                                                     no-redeclare
  19:333  warning  'y' is already defined                                                     no-redeclare
  20:377  warning  Unnecessary escape character: \!                                           no-useless-escape
  20:394  warning  Unnecessary escape character: \>                                           no-useless-escape
  26:220  warning  'h' is already defined                                                     no-redeclare
  26:238  warning  Expected a conditional expression and instead saw an assignment            no-cond-assign
  26:252  warning  'e' is already defined                                                     no-redeclare
  26:256  warning  'p' is already defined                                                     no-redeclare
  26:315  warning  'p' is already defined                                                     no-redeclare
  26:467  warning  Expected a conditional expression and instead saw an assignment            no-cond-assign
  27:151  warning  Expected a conditional expression and instead saw an assignment            no-cond-assign
  27:505  warning  'g' is already defined                                                     no-redeclare
  28:225  warning  'define' is not defined                                                    no-undef
  28:237  warning  'define' is not defined                                                    no-undef

/home/runner/work/exp-schering-bridge-iitr/exp-schering-bridge-iitr/experiment/simulation/js/sevenSeg.js
  136:27  warning  Do not access Object.prototype method 'hasOwnProperty' from target object  no-prototype-builtins
  333:17  warning  'ko' is not defined                                                        no-undef
  334:2   warning  'ko' is not defined                                                        no-undef
  335:1   warning  Mixed spaces and tabs                                                      no-mixed-spaces-and-tabs
  335:46  warning  'allBindingsAccessor' is defined but never used                            no-unused-vars
  335:67  warning  'viewModel' is defined but never used                                      no-unused-vars
  335:78  warning  'bindingContext' is defined but never used                                 no-unused-vars
  336:1   warning  Mixed spaces and tabs                                                      no-mixed-spaces-and-tabs
  337:1   warning  Mixed spaces and tabs                                                      no-mixed-spaces-and-tabs
  337:30  warning  'ko' is not defined                                                        no-undef
  339:1   warning  Mixed spaces and tabs                                                      no-mixed-spaces-and-tabs
  341:1   warning  Mixed spaces and tabs                                                      no-mixed-spaces-and-tabs
  341:14  warning  'ko' is not defined                                                        no-undef
  342:1   warning  Mixed spaces and tabs                                                      no-mixed-spaces-and-tabs
  343:1   warning  Mixed spaces and tabs                                                      no-mixed-spaces-and-tabs
  344:1   warning  Mixed spaces and tabs                                                      no-mixed-spaces-and-tabs
  345:1   warning  Mixed spaces and tabs                                                      no-mixed-spaces-and-tabs
  346:1   warning  Mixed spaces and tabs                                                      no-mixed-spaces-and-tabs
  348:1   warning  Mixed spaces and tabs                                                      no-mixed-spaces-and-tabs
  348:48  warning  'allBindingsAccessor' is defined but never used                            no-unused-vars
  348:69  warning  'viewModel' is defined but never used                                      no-unused-vars
  348:80  warning  'bindingContext' is defined but never used                                 no-unused-vars
  349:24  warning  'ko' is not defined                                                        no-undef
  354:10  warning  'jQuery' is not defined                                                    no-undef

 682 problems (0 errors, 682 warnings)
  0 errors and 19 warnings potentially fixable with the `--fix` option.

